MainThread: 2016-11-03 00:46:05,691 - EchoBot - INFO - Started running
MainThread: 2016-11-03 00:47:06,518 - EchoBot - INFO - Started running
MainThread: 2016-11-03 00:47:06,519 - EchoBot - DEBUG - Initializing websocket
MainThread: 2016-11-03 00:47:07,553 - EchoBot - DEBUG - Initialized websocket
MainThread: 2016-11-03 00:48:12,331 - EchoBot - INFO - Started running
MainThread: 2016-11-03 00:49:04,766 - EchoBot - INFO - Started running
MainThread: 2016-11-03 00:49:14,838 - EchoBot - INFO - Started running
MainThread: 2016-11-03 00:49:42,652 - EchoBot - INFO - Started running
MainThread: 2016-11-03 00:53:51,296 - EchoBot - INFO - Started running
MainThread: 2016-11-03 00:54:31,254 - EchoBot - INFO - Started running
MainThread: 2016-11-03 00:55:41,104 - EchoBot - INFO - Started running
MainThread: 2016-11-03 00:59:30,857 - EchoBot - INFO - Started running
MainThread: 2016-11-03 01:00:24,642 - EchoBot - INFO - Started running
MainThread: 2016-11-03 01:01:55,190 - EchoBot - INFO - Started running
MainThread: 2016-11-03 01:02:31,981 - EchoBot - INFO - Started running
MainThread: 2016-11-03 01:02:59,091 - EchoBot - INFO - Started running
MainThread: 2016-11-03 01:04:48,482 - EchoBot - INFO - Started running
MainThread: 2016-11-03 01:05:47,968 - EchoBot - INFO - Started running
MainThread: 2016-11-03 01:07:09,532 - EchoBot - INFO - Started running
MainThread: 2016-11-03 01:08:19,822 - EchoBot - INFO - Started running
MainThread: 2016-11-03 01:09:51,819 - EchoBot - INFO - Started running
MainThread: 2016-11-03 01:12:09,913 - EchoBot - INFO - Started running
MainThread: 2016-11-03 01:19:04,300 - EchoBot - INFO - Started running
MainThread: 2016-11-03 01:20:19,576 - EchoBot - INFO - Started running
MainThread: 2016-11-03 01:21:27,474 - EchoBot - INFO - Started running
MainThread: 2016-11-03 01:25:31,389 - EchoBot - INFO - Started running
MainThread: 2016-11-03 10:27:34,012 - EchoBot - INFO - Started running
MainThread: 2016-11-03 10:28:14,826 - EchoBot - INFO - Started running
MainThread: 2016-11-03 10:28:23,067 - EchoBot - INFO - Started running
MainThread: 2016-11-03 10:29:00,472 - EchoBot - INFO - Started running
MainThread: 2016-11-03 10:31:15,228 - EchoBot - INFO - Started running
MainThread: 2016-11-03 10:31:18,349 - EchoBot - INFO - Event(None)
MainThread: 2016-11-03 10:31:21,451 - EchoBot - INFO - Event(None)
MainThread: 2016-11-03 10:31:24,558 - EchoBot - INFO - Event(None)
MainThread: 2016-11-03 10:31:27,661 - EchoBot - INFO - Event(None)
MainThread: 2016-11-03 10:31:30,764 - EchoBot - INFO - Event(None)
MainThread: 2016-11-03 10:31:43,864 - EchoBot - INFO - Started running
MainThread: 2016-11-03 10:31:47,104 - EchoBot - INFO - Event(GUILD_CREATE)
MainThread: 2016-11-03 10:31:47,104 - EchoBot - INFO - Event(GUILD_CREATE)
MainThread: 2016-11-03 10:32:02,909 - EchoBot - INFO - Event(TYPING_START)
MainThread: 2016-11-03 10:32:07,051 - EchoBot - INFO - Event(0)
MainThread: 2016-11-03 10:38:30,580 - EchoBot - INFO - Started running
MainThread: 2016-11-03 10:38:33,699 - EchoBot - INFO - Event(GUILD_CREATE)
MainThread: 2016-11-03 10:38:33,699 - EchoBot - INFO - Event(GUILD_CREATE)
MainThread: 2016-11-03 10:38:56,440 - EchoBot - INFO - Started running
MainThread: 2016-11-03 10:38:59,510 - EchoBot - INFO - Event(GUILD_CREATE)
MainThread: 2016-11-03 10:38:59,511 - EchoBot - INFO - Event(GUILD_CREATE)
MainThread: 2016-11-03 10:39:03,571 - EchoBot - INFO - Event(TYPING_START)
MainThread: 2016-11-03 10:39:06,572 - EchoBot - INFO - Event(MESSAGE_CREATE)
MainThread: 2016-11-03 10:41:08,488 - EchoBot - INFO - Event(PRESENCE_UPDATE)
MainThread: 2016-11-03 10:41:46,289 - EchoBot - INFO - Started running
MainThread: 2016-11-03 10:41:49,392 - EchoBot - INFO - Event(GUILD_CREATE)
MainThread: 2016-11-03 10:41:49,392 - EchoBot - INFO - Event(GUILD_CREATE)
MainThread: 2016-11-03 10:42:01,074 - EchoBot - INFO - Event(TYPING_START)
MainThread: 2016-11-03 10:42:01,075 - EchoBot - INFO - Event(MESSAGE_CREATE)
MainThread: 2016-11-03 10:42:04,292 - EchoBot - INFO - Event(MESSAGE_CREATE)
MainThread: 2016-11-03 10:42:29,777 - EchoBot - INFO - Event(MESSAGE_UPDATE)
MainThread: 2016-11-03 10:43:18,551 - EchoBot - INFO - Event(PRESENCE_UPDATE)
MainThread: 2016-11-03 10:47:13,135 - EchoBot - INFO - Event(PRESENCE_UPDATE)
